\BOOKMARK [0][-]{chapter.1}{Introduction}{}% 1
\BOOKMARK [0][-]{chapter.2}{Multilevel Checkpointing}{}% 2
\BOOKMARK [1][-]{section.2.1}{L1}{chapter.2}% 3
\BOOKMARK [1][-]{section.2.2}{L2}{chapter.2}% 4
\BOOKMARK [1][-]{section.2.3}{L3}{chapter.2}% 5
\BOOKMARK [1][-]{section.2.4}{L4}{chapter.2}% 6
\BOOKMARK [0][-]{chapter.3}{API Reference}{}% 7
\BOOKMARK [1][-]{section.3.1}{FTI\137Init\(\)}{chapter.3}% 8
\BOOKMARK [1][-]{section.3.2}{FTI\137Protect\( \203 \)}{chapter.3}% 9
\BOOKMARK [1][-]{section.3.3}{FTI\137Checkpoint\( \203 \)}{chapter.3}% 10
\BOOKMARK [1][-]{section.3.4}{FTI\137Snapshot\(\)}{chapter.3}% 11
\BOOKMARK [1][-]{section.3.5}{FTI\137Finalize\(\)}{chapter.3}% 12
\BOOKMARK [0][-]{chapter.4}{Cofiguration}{}% 13
\BOOKMARK [1][-]{section.4.1}{[Basic]}{chapter.4}% 14
\BOOKMARK [2][-]{subsection.4.1.1}{Head}{section.4.1}% 15
\BOOKMARK [2][-]{subsection.4.1.2}{Node\137size}{section.4.1}% 16
\BOOKMARK [2][-]{subsection.4.1.3}{Ckpt\137dir}{section.4.1}% 17
\BOOKMARK [2][-]{subsection.4.1.4}{Glbl\137dir}{section.4.1}% 18
\BOOKMARK [2][-]{subsection.4.1.5}{Meta\137dir}{section.4.1}% 19
\BOOKMARK [2][-]{subsection.4.1.6}{Ckpt\137L1}{section.4.1}% 20
\BOOKMARK [2][-]{subsection.4.1.7}{Ckpt\137L2}{section.4.1}% 21
\BOOKMARK [2][-]{subsection.4.1.8}{Ckpt\137L3}{section.4.1}% 22
\BOOKMARK [2][-]{subsection.4.1.9}{Ckpt\137L4}{section.4.1}% 23
\BOOKMARK [2][-]{subsection.4.1.10}{Inline\137L2}{section.4.1}% 24
\BOOKMARK [2][-]{subsection.4.1.11}{Inline\137L3}{section.4.1}% 25
\BOOKMARK [2][-]{subsection.4.1.12}{Inline\137L4}{section.4.1}% 26
\BOOKMARK [2][-]{subsection.4.1.13}{keep\137last\137ckpt}{section.4.1}% 27
\BOOKMARK [2][-]{subsection.4.1.14}{Group\137size}{section.4.1}% 28
\BOOKMARK [2][-]{subsection.4.1.15}{Verbosity}{section.4.1}% 29
\BOOKMARK [1][-]{section.4.2}{[Restart]}{chapter.4}% 30
\BOOKMARK [2][-]{subsection.4.2.1}{Failure}{section.4.2}% 31
\BOOKMARK [2][-]{subsection.4.2.2}{Exec\137ID}{section.4.2}% 32
\BOOKMARK [1][-]{section.4.3}{[Injection]}{chapter.4}% 33
\BOOKMARK [2][-]{subsection.4.3.1}{rank}{section.4.3}% 34
\BOOKMARK [2][-]{subsection.4.3.2}{number}{section.4.3}% 35
\BOOKMARK [2][-]{subsection.4.3.3}{position}{section.4.3}% 36
\BOOKMARK [2][-]{subsection.4.3.4}{frequenzy}{section.4.3}% 37
\BOOKMARK [1][-]{section.4.4}{[Advanced]}{chapter.4}% 38
\BOOKMARK [2][-]{subsection.4.4.1}{Block\137size}{section.4.4}% 39
\BOOKMARK [2][-]{subsection.4.4.2}{Mpi\137tag}{section.4.4}% 40
\BOOKMARK [2][-]{subsection.4.4.3}{Local\137test}{section.4.4}% 41
\BOOKMARK [0][-]{chapter.5}{Index}{}% 42
